<?xml version="1.0" encoding="UTF-8"?>
<!-- Generated by org.testng.reporters.JUnitXMLReporter -->
<testsuite ignored="1" hostname="DESKTOP-62KGI1A" failures="0" tests="3" name="Default test" time="32.637" errors="0" timestamp="2023-02-26T10:18:10 IST">
  <testcase classname="api.test.DDTests" name="testPostUsers" time="10.292"/>
  <testcase classname="api.test.DDTests" name="testPostUsers" time="1.27"/>
  <testcase classname="api.test.DDTests" name="testPostUsers" time="1.268"/>
  <testcase classname="api.test.DDTests" name="testDeleteUserByName" time="0.0">
    <ignored/>
  </testcase> <!-- testDeleteUserByName -->
</testsuite> <!-- Default test -->
